#
# There is insufficient memory for the Java Runtime Environment to continue.
# Native memory allocation (malloc) failed to allocate 725936 bytes for Chunk::new
# Possible reasons:
#   The system is out of physical RAM or swap space
#   The process is running with CompressedOops enabled, and the Java Heap may be blocking the growth of the native heap
# Possible solutions:
#   Reduce memory load on the system
#   Increase physical memory or swap space
#   Check if swap backing store is full
#   Decrease Java heap size (-Xmx/-Xms)
#   Decrease number of Java threads
#   Decrease Java thread stack sizes (-Xss)
#   Set larger code cache with -XX:ReservedCodeCacheSize=
#   JVM is running with Unscaled Compressed Oops mode in which the Java heap is
#     placed in the first 4GB address space. The Java Heap base address is the
#     maximum limit for the native heap growth. Please use -XX:HeapBaseMinAddress
#     to set the Java Heap base and to place the Java Heap above 4GB virtual address.
# This output file may be truncated or incomplete.
#
#  Out of Memory Error (./src/hotspot/share/memory/arena.cpp:197), pid=1052, tid=8580
#
# JRE version: OpenJDK Runtime Environment (11.0.10) (build 11.0.10+0-b96-7249189)
# Java VM: OpenJDK 64-Bit Server VM (11.0.10+0-b96-7249189, mixed mode, tiered, compressed oops, g1 gc, windows-amd64)
# No core dump will be written. Minidumps are not enabled by default on client versions of Windows
#

---------------  S U M M A R Y ------------

Command Line: -XX:MaxMetaspaceSize=256m -XX:+HeapDumpOnOutOfMemoryError --add-opens=java.base/java.util=ALL-UNNAMED --add-opens=java.base/java.lang=ALL-UNNAMED --add-opens=java.base/java.lang.invoke=ALL-UNNAMED --add-opens=java.prefs/java.util.prefs=ALL-UNNAMED -Xms256m -Xmx512m -Dfile.encoding=windows-1254 -Duser.country=TR -Duser.language=tr -Duser.variant org.gradle.launcher.daemon.bootstrap.GradleDaemon 6.9

Host: Intel(R) Core(TM) i7-10510U CPU @ 1.80GHz, 8 cores, 15G,  Windows 10 , 64 bit Build 19041 (10.0.19041.1202)
Time: Tue Oct 19 17:02:29 2021 Türkiye Standart Saati elapsed time: 5.648692 seconds (0d 0h 0m 5s)

---------------  T H R E A D  ---------------

Current thread (0x000001da04870000):  JavaThread "C2 CompilerThread2" daemon [_thread_in_native, id=8580, stack(0x0000004bfee00000,0x0000004bfef00000)]


Current CompileTask:
C2:   5648 2735       4       jdk.internal.loader.URLClassPath::getResource (74 bytes)

Stack: [0x0000004bfee00000,0x0000004bfef00000]
Native frames: (J=compiled Java code, j=interpreted, Vv=VM code, C=native code)
V  [jvm.dll+0x5ecfaa]
V  [jvm.dll+0x722bd5]
V  [jvm.dll+0x72412d]
V  [jvm.dll+0x7247e3]
V  [jvm.dll+0x242928]
V  [jvm.dll+0xbc4fc]
V  [jvm.dll+0xbca0c]
V  [jvm.dll+0x2b4fd4]
V  [jvm.dll+0x506028]
V  [jvm.dll+0x1fcbde]
V  [jvm.dll+0x1fa77f]
V  [jvm.dll+0x18354c]
V  [jvm.dll+0x208ee7]
V  [jvm.dll+0x207731]
V  [jvm.dll+0x6eb1cf]
V  [jvm.dll+0x6e3d45]
V  [jvm.dll+0x5ebe96]
C  [ucrtbase.dll+0x21bb2]
C  [KERNEL32.DLL+0x17034]
C  [ntdll.dll+0x52651]


---------------  P R O C E S S  ---------------

Threads class SMR info:
_java_thread_list=0x000001da06a01c70, length=50, elements={
0x000001da67b3e000, 0x000001da00616000, 0x000001da00618800, 0x000001da00637000,
0x000001da00638000, 0x000001da0063a800, 0x000001da00f7a800, 0x000001da00f7e800,
0x000001da00f83800, 0x000001da010e3000, 0x000001da03040000, 0x000001da02fd0800,
0x000001da03128800, 0x000001da032d1000, 0x000001da02fd8800, 0x000001da02af7800,
0x000001da02fed000, 0x000001da03337000, 0x000001da033f8000, 0x000001da02ecd000,
0x000001da028fe000, 0x000001da02902000, 0x000001da02903800, 0x000001da02900800,
0x000001da04870000, 0x000001da028ff800, 0x000001da02904800, 0x000001da028fe800,
0x000001da02901000, 0x000001da02903000, 0x000001da0497e000, 0x000001da0497c000,
0x000001da04979000, 0x000001da0497f800, 0x000001da04979800, 0x000001da04980000,
0x000001da0497e800, 0x000001da0497a800, 0x000001da04981000, 0x000001da0497b800,
0x000001da04982000, 0x000001da0497d000, 0x000001da04984800, 0x000001da04986000,
0x000001da04983800, 0x000001da04987000, 0x000001da04985000, 0x000001da04987800,
0x000001da04982800, 0x000001da0468c000
}

Java Threads: ( => current thread )
  0x000001da67b3e000 JavaThread "main" [_thread_blocked, id=19780, stack(0x0000004bfc700000,0x0000004bfc800000)]
  0x000001da00616000 JavaThread "Reference Handler" daemon [_thread_blocked, id=7620, stack(0x0000004bfce00000,0x0000004bfcf00000)]
  0x000001da00618800 JavaThread "Finalizer" daemon [_thread_blocked, id=3732, stack(0x0000004bfcf00000,0x0000004bfd000000)]
  0x000001da00637000 JavaThread "Signal Dispatcher" daemon [_thread_blocked, id=1448, stack(0x0000004bfd000000,0x0000004bfd100000)]
  0x000001da00638000 JavaThread "Attach Listener" daemon [_thread_blocked, id=19344, stack(0x0000004bfd100000,0x0000004bfd200000)]
  0x000001da0063a800 JavaThread "Service Thread" daemon [_thread_blocked, id=17020, stack(0x0000004bfd200000,0x0000004bfd300000)]
  0x000001da00f7a800 JavaThread "C2 CompilerThread0" daemon [_thread_in_native, id=17756, stack(0x0000004bfd300000,0x0000004bfd400000)]
  0x000001da00f7e800 JavaThread "C1 CompilerThread0" daemon [_thread_blocked, id=4184, stack(0x0000004bfd400000,0x0000004bfd500000)]
  0x000001da00f83800 JavaThread "Sweeper thread" daemon [_thread_blocked, id=21252, stack(0x0000004bfd500000,0x0000004bfd600000)]
  0x000001da010e3000 JavaThread "Common-Cleaner" daemon [_thread_blocked, id=19320, stack(0x0000004bfd600000,0x0000004bfd700000)]
  0x000001da03040000 JavaThread "Daemon health stats" [_thread_blocked, id=20072, stack(0x0000004bfdf00000,0x0000004bfe000000)]
  0x000001da02fd0800 JavaThread "Incoming local TCP Connector on port 64504" [_thread_in_native, id=16436, stack(0x0000004bfd800000,0x0000004bfd900000)]
  0x000001da03128800 JavaThread "Daemon periodic checks" [_thread_blocked, id=9444, stack(0x0000004bfd900000,0x0000004bfda00000)]
  0x000001da032d1000 JavaThread "Daemon" [_thread_blocked, id=9756, stack(0x0000004bfe000000,0x0000004bfe100000)]
  0x000001da02fd8800 JavaThread "Handler for socket connection from /127.0.0.1:64504 to /127.0.0.1:64505" [_thread_in_native, id=1700, stack(0x0000004bfe100000,0x0000004bfe200000)]
  0x000001da02af7800 JavaThread "C2 CompilerThread1" daemon [_thread_in_native, id=856, stack(0x0000004bfe200000,0x0000004bfe300000)]
  0x000001da02fed000 JavaThread "Cancel handler" [_thread_blocked, id=7192, stack(0x0000004bfe300000,0x0000004bfe400000)]
  0x000001da03337000 JavaThread "Daemon worker" [_thread_in_native, id=18768, stack(0x0000004bfe400000,0x0000004bfe500000)]
  0x000001da033f8000 JavaThread "Asynchronous log dispatcher for DefaultDaemonConnection: socket connection from /127.0.0.1:64504 to /127.0.0.1:64505" [_thread_blocked, id=17712, stack(0x0000004bfe500000,0x0000004bfe600000)]
  0x000001da02ecd000 JavaThread "Stdin handler" [_thread_blocked, id=20696, stack(0x0000004bfe600000,0x0000004bfe700000)]
  0x000001da028fe000 JavaThread "Daemon client event forwarder" [_thread_blocked, id=15980, stack(0x0000004bfe700000,0x0000004bfe800000)]
  0x000001da02902000 JavaThread "Cache worker for file hash cache (C:\Users\mecit.sezgin\.gradle\caches\6.9\fileHashes)" [_thread_blocked, id=15712, stack(0x0000004bfe800000,0x0000004bfe900000)]
  0x000001da02903800 JavaThread "File lock request listener" [_thread_in_native, id=7408, stack(0x0000004bfe900000,0x0000004bfea00000)]
  0x000001da02900800 JavaThread "Cache worker for journal cache (C:\Users\mecit.sezgin\.gradle\caches\journal-1)" [_thread_blocked, id=732, stack(0x0000004bfed00000,0x0000004bfee00000)]
=>0x000001da04870000 JavaThread "C2 CompilerThread2" daemon [_thread_in_native, id=8580, stack(0x0000004bfee00000,0x0000004bfef00000)]
  0x000001da028ff800 JavaThread "Cache worker for file hash cache (C:\Users\mecit.sezgin\Desktop\rn_tesseract\tensorflowLite\plaka\plakaOku\android\.gradle\6.9\fileHashes)" [_thread_blocked, id=11012, stack(0x0000004bfef00000,0x0000004bff000000)]
  0x000001da02904800 JavaThread "jar transforms" [_thread_blocked, id=3604, stack(0x0000004bff000000,0x0000004bff100000)]
  0x000001da028fe800 JavaThread "jar transforms Thread 2" [_thread_blocked, id=20512, stack(0x0000004bff100000,0x0000004bff200000)]
  0x000001da02901000 JavaThread "jar transforms Thread 3" [_thread_blocked, id=4908, stack(0x0000004bff200000,0x0000004bff300000)]
  0x000001da02903000 JavaThread "jar transforms Thread 4" [_thread_blocked, id=18856, stack(0x0000004bff300000,0x0000004bff400000)]
  0x000001da0497e000 JavaThread "jar transforms Thread 5" [_thread_blocked, id=12168, stack(0x0000004bff400000,0x0000004bff500000)]
  0x000001da0497c000 JavaThread "jar transforms Thread 6" [_thread_blocked, id=20592, stack(0x0000004bff500000,0x0000004bff600000)]
  0x000001da04979000 JavaThread "jar transforms Thread 7" [_thread_blocked, id=14228, stack(0x0000004bff600000,0x0000004bff700000)]
  0x000001da0497f800 JavaThread "jar transforms Thread 8" [_thread_blocked, id=15056, stack(0x0000004bff700000,0x0000004bff800000)]
  0x000001da04979800 JavaThread "jar transforms Thread 9" [_thread_blocked, id=12180, stack(0x0000004bff800000,0x0000004bff900000)]
  0x000001da04980000 JavaThread "jar transforms Thread 10" [_thread_blocked, id=20180, stack(0x0000004bff900000,0x0000004bffa00000)]
  0x000001da0497e800 JavaThread "jar transforms Thread 11" [_thread_blocked, id=12840, stack(0x0000004bffa00000,0x0000004bffb00000)]
  0x000001da0497a800 JavaThread "jar transforms Thread 12" [_thread_blocked, id=9856, stack(0x0000004bffb00000,0x0000004bffc00000)]
  0x000001da04981000 JavaThread "jar transforms Thread 13" [_thread_blocked, id=10532, stack(0x0000004bffc00000,0x0000004bffd00000)]
  0x000001da0497b800 JavaThread "jar transforms Thread 14" [_thread_blocked, id=10084, stack(0x0000004bffd00000,0x0000004bffe00000)]
  0x000001da04982000 JavaThread "jar transforms Thread 15" [_thread_blocked, id=13288, stack(0x0000004bffe00000,0x0000004bfff00000)]
  0x000001da0497d000 JavaThread "jar transforms Thread 16" [_thread_blocked, id=10840, stack(0x0000004bfff00000,0x0000004c00000000)]
  0x000001da04984800 JavaThread "jar transforms Thread 17" [_thread_blocked, id=19412, stack(0x0000004b80000000,0x0000004b80100000)]
  0x000001da04986000 JavaThread "jar transforms Thread 18" [_thread_blocked, id=18708, stack(0x0000004b80100000,0x0000004b80200000)]
  0x000001da04983800 JavaThread "jar transforms Thread 19" [_thread_blocked, id=12444, stack(0x0000004b80200000,0x0000004b80300000)]
  0x000001da04987000 JavaThread "jar transforms Thread 20" [_thread_blocked, id=16684, stack(0x0000004b80300000,0x0000004b80400000)]
  0x000001da04985000 JavaThread "Cache worker for checksums cache (C:\Users\mecit.sezgin\Desktop\rn_tesseract\tensorflowLite\plaka\plakaOku\android\.gradle\checksums)" [_thread_blocked, id=18408, stack(0x0000004b80400000,0x0000004b80500000)]
  0x000001da04987800 JavaThread "Cache worker for cache directory md-supplier (C:\Users\mecit.sezgin\.gradle\caches\6.9\md-supplier)" [_thread_blocked, id=21136, stack(0x0000004b80500000,0x0000004b80600000)]
  0x000001da04982800 JavaThread "Cache worker for cache directory md-rule (C:\Users\mecit.sezgin\.gradle\caches\6.9\md-rule)" [_thread_blocked, id=16620, stack(0x0000004b80600000,0x0000004b80700000)]
  0x000001da0468c000 JavaThread "Cache worker for execution history cache (C:\Users\mecit.sezgin\.gradle\caches\6.9\executionHistory)" [_thread_blocked, id=14032, stack(0x0000004b80700000,0x0000004b80800000)]

Other Threads:
  0x000001da005f2000 VMThread "VM Thread" [stack: 0x0000004bfcd00000,0x0000004bfce00000] [id=10216]
  0x000001da010e6000 WatcherThread [stack: 0x0000004bfd700000,0x0000004bfd800000] [id=19024]
  0x000001da67b56800 GCTaskThread "GC Thread#0" [stack: 0x0000004bfc800000,0x0000004bfc900000] [id=540]
  0x000001da01e30000 GCTaskThread "GC Thread#1" [stack: 0x0000004bfda00000,0x0000004bfdb00000] [id=17180]
  0x000001da01f6c000 GCTaskThread "GC Thread#2" [stack: 0x0000004bfdb00000,0x0000004bfdc00000] [id=936]
  0x000001da01bf7000 GCTaskThread "GC Thread#3" [stack: 0x0000004bfdc00000,0x0000004bfdd00000] [id=14196]
  0x000001da01acd800 GCTaskThread "GC Thread#4" [stack: 0x0000004bfdd00000,0x0000004bfde00000] [id=20744]
  0x000001da01ace000 GCTaskThread "GC Thread#5" [stack: 0x0000004bfde00000,0x0000004bfdf00000] [id=596]
  0x000001da0206e800 GCTaskThread "GC Thread#6" [stack: 0x0000004bfea00000,0x0000004bfeb00000] [id=7412]
  0x000001da02db6800 GCTaskThread "GC Thread#7" [stack: 0x0000004bfeb00000,0x0000004bfec00000] [id=10360]
  0x000001da67b67800 ConcurrentGCThread "G1 Main Marker" [stack: 0x0000004bfc900000,0x0000004bfca00000] [id=16604]
  0x000001da67b70000 ConcurrentGCThread "G1 Conc#0" [stack: 0x0000004bfca00000,0x0000004bfcb00000] [id=8976]
  0x000001da01e6e000 ConcurrentGCThread "G1 Conc#1" [stack: 0x0000004bfec00000,0x0000004bfed00000] [id=6708]
  0x000001da67c1e800 ConcurrentGCThread "G1 Refine#0" [stack: 0x0000004bfcb00000,0x0000004bfcc00000] [id=18716]
  0x000001da00490800 ConcurrentGCThread "G1 Young RemSet Sampling" [stack: 0x0000004bfcc00000,0x0000004bfcd00000] [id=20356]

Threads with active compile tasks:
C2 CompilerThread0   5681 2736  s!   4       jdk.internal.loader.URLClassPath::getLoader (194 bytes)
C2 CompilerThread1   5681 2770       4       java.util.WeakHashMap::put (162 bytes)
C2 CompilerThread2   5681 2735       4       jdk.internal.loader.URLClassPath::getResource (74 bytes)

VM state:not at safepoint (normal execution)

VM Mutex/Monitor currently owned by a thread: None

Heap address: 0x00000000e0000000, size: 512 MB, Compressed Oops mode: 32-bit
Narrow klass base: 0x0000000000000000, Narrow klass shift: 3
Compressed class space size: 260046848 Address: 0x0000000100000000

Heap:
 garbage-first heap   total 262144K, used 106597K [0x00000000e0000000, 0x0000000100000000)
  region size 1024K, 80 young (81920K), 2 survivors (2048K)
 Metaspace       used 32236K, capacity 33134K, committed 33408K, reserved 282624K
  class space    used 4306K, capacity 4609K, committed 4736K, reserved 253952K
Heap Regions: E=young(eden), S=young(survivor), O=old, HS=humongous(starts), HC=humongous(continues), CS=collection set, F=free, A=archive, TAMS=top-at-mark-start (previous, next)
|   0|0x00000000e0000000, 0x00000000e0100000, 0x00000000e0100000|100%| O|  |TAMS 0x00000000e0000000, 0x00000000e0000000| Untracked 
|   1|0x00000000e0100000, 0x00000000e0200000, 0x00000000e0200000|100%| O|  |TAMS 0x00000000e0100000, 0x00000000e0100000| Untracked 
|   2|0x00000000e0200000, 0x00000000e0300000, 0x00000000e0300000|100%| O|  |TAMS 0x00000000e0200000, 0x00000000e0200000| Untracked 
|   3|0x00000000e0300000, 0x00000000e0400000, 0x00000000e0400000|100%|HS|  |TAMS 0x00000000e0400000, 0x00000000e0300000| Complete 
|   4|0x00000000e0400000, 0x00000000e0500000, 0x00000000e0500000|100%|HC|  |TAMS 0x00000000e0500000, 0x00000000e0400000| Complete 
|   5|0x00000000e0500000, 0x00000000e0600000, 0x00000000e0600000|100%|HC|  |TAMS 0x00000000e0600000, 0x00000000e0500000| Complete 
|   6|0x00000000e0600000, 0x00000000e0700000, 0x00000000e0700000|100%| O|  |TAMS 0x00000000e0700000, 0x00000000e0600000| Untracked 
|   7|0x00000000e0700000, 0x00000000e0800000, 0x00000000e0800000|100%| O|  |TAMS 0x00000000e0800000, 0x00000000e0700000| Untracked 
|   8|0x00000000e0800000, 0x00000000e0900000, 0x00000000e0900000|100%| O|  |TAMS 0x00000000e088a200, 0x00000000e0800000| Untracked 
|   9|0x00000000e0900000, 0x00000000e0a00000, 0x00000000e0a00000|100%| O|  |TAMS 0x00000000e0900000, 0x00000000e0900000| Untracked 
|  10|0x00000000e0a00000, 0x00000000e0b00000, 0x00000000e0b00000|100%| O|  |TAMS 0x00000000e0a00000, 0x00000000e0a00000| Untracked 
|  11|0x00000000e0b00000, 0x00000000e0c00000, 0x00000000e0c00000|100%| O|  |TAMS 0x00000000e0b00000, 0x00000000e0b00000| Untracked 
|  12|0x00000000e0c00000, 0x00000000e0d00000, 0x00000000e0d00000|100%| O|  |TAMS 0x00000000e0c00000, 0x00000000e0c00000| Untracked 
|  13|0x00000000e0d00000, 0x00000000e0e00000, 0x00000000e0e00000|100%| O|  |TAMS 0x00000000e0d00000, 0x00000000e0d00000| Untracked 
|  14|0x00000000e0e00000, 0x00000000e0f00000, 0x00000000e0f00000|100%| O|  |TAMS 0x00000000e0e00000, 0x00000000e0e00000| Untracked 
|  15|0x00000000e0f00000, 0x00000000e0fe7608, 0x00000000e1000000| 90%| O|  |TAMS 0x00000000e0f00000, 0x00000000e0f00000| Untracked 
|  16|0x00000000e1000000, 0x00000000e1100000, 0x00000000e1100000|100%|HS|  |TAMS 0x00000000e1000000, 0x00000000e1000000| Complete 
|  17|0x00000000e1100000, 0x00000000e1200000, 0x00000000e1200000|100%|HC|  |TAMS 0x00000000e1100000, 0x00000000e1100000| Complete 
|  18|0x00000000e1200000, 0x00000000e1300000, 0x00000000e1300000|100%|HS|  |TAMS 0x00000000e1200000, 0x00000000e1200000| Complete 
|  19|0x00000000e1300000, 0x00000000e1400000, 0x00000000e1400000|100%|HC|  |TAMS 0x00000000e1300000, 0x00000000e1300000| Complete 
|  20|0x00000000e1400000, 0x00000000e1500000, 0x00000000e1500000|100%|HC|  |TAMS 0x00000000e1400000, 0x00000000e1400000| Complete 
|  21|0x00000000e1500000, 0x00000000e1600000, 0x00000000e1600000|100%|HS|  |TAMS 0x00000000e1500000, 0x00000000e1500000| Complete 
|  22|0x00000000e1600000, 0x00000000e1700000, 0x00000000e1700000|100%|HC|  |TAMS 0x00000000e1600000, 0x00000000e1600000| Complete 
|  23|0x00000000e1700000, 0x00000000e1800000, 0x00000000e1800000|100%|HC|  |TAMS 0x00000000e1700000, 0x00000000e1700000| Complete 
|  24|0x00000000e1800000, 0x00000000e1900000, 0x00000000e1900000|100%|HC|  |TAMS 0x00000000e1800000, 0x00000000e1800000| Complete 
|  25|0x00000000e1900000, 0x00000000e1a00000, 0x00000000e1a00000|100%|HC|  |TAMS 0x00000000e1900000, 0x00000000e1900000| Complete 
|  26|0x00000000e1a00000, 0x00000000e1a00000, 0x00000000e1b00000|  0%| F|  |TAMS 0x00000000e1a00000, 0x00000000e1a00000| Untracked 
|  27|0x00000000e1b00000, 0x00000000e1b00000, 0x00000000e1c00000|  0%| F|  |TAMS 0x00000000e1b00000, 0x00000000e1b00000| Untracked 
|  28|0x00000000e1c00000, 0x00000000e1c00000, 0x00000000e1d00000|  0%| F|  |TAMS 0x00000000e1c00000, 0x00000000e1c00000| Untracked 
|  29|0x00000000e1d00000, 0x00000000e1d00000, 0x00000000e1e00000|  0%| F|  |TAMS 0x00000000e1d00000, 0x00000000e1d00000| Untracked 
|  30|0x00000000e1e00000, 0x00000000e1e00000, 0x00000000e1f00000|  0%| F|  |TAMS 0x00000000e1e00000, 0x00000000e1e00000| Untracked 
|  31|0x00000000e1f00000, 0x00000000e1f00000, 0x00000000e2000000|  0%| F|  |TAMS 0x00000000e1f00000, 0x00000000e1f00000| Untracked 
|  32|0x00000000e2000000, 0x00000000e2000000, 0x00000000e2100000|  0%| F|  |TAMS 0x00000000e2000000, 0x00000000e2000000| Untracked 
|  33|0x00000000e2100000, 0x00000000e2100000, 0x00000000e2200000|  0%| F|  |TAMS 0x00000000e2100000, 0x00000000e2100000| Untracked 
|  34|0x00000000e2200000, 0x00000000e2200000, 0x00000000e2300000|  0%| F|  |TAMS 0x00000000e2200000, 0x00000000e2200000| Untracked 
|  35|0x00000000e2300000, 0x00000000e2300000, 0x00000000e2400000|  0%| F|  |TAMS 0x00000000e2300000, 0x00000000e2300000| Untracked 
|  36|0x00000000e2400000, 0x00000000e2400000, 0x00000000e2500000|  0%| F|  |TAMS 0x00000000e2400000, 0x00000000e2400000| Untracked 
|  37|0x00000000e2500000, 0x00000000e2500000, 0x00000000e2600000|  0%| F|  |TAMS 0x00000000e2500000, 0x00000000e2500000| Untracked 
|  38|0x00000000e2600000, 0x00000000e2600000, 0x00000000e2700000|  0%| F|  |TAMS 0x00000000e2600000, 0x00000000e2600000| Untracked 
|  39|0x00000000e2700000, 0x00000000e2700000, 0x00000000e2800000|  0%| F|  |TAMS 0x00000000e2700000, 0x00000000e2700000| Untracked 
|  40|0x00000000e2800000, 0x00000000e2800000, 0x00000000e2900000|  0%| F|  |TAMS 0x00000000e2800000, 0x00000000e2800000| Untracked 
|  41|0x00000000e2900000, 0x00000000e2900000, 0x00000000e2a00000|  0%| F|  |TAMS 0x00000000e2900000, 0x00000000e2900000| Untracked 
|  42|0x00000000e2a00000, 0x00000000e2a00000, 0x00000000e2b00000|  0%| F|  |TAMS 0x00000000e2a00000, 0x00000000e2a00000| Untracked 
|  43|0x00000000e2b00000, 0x00000000e2b00000, 0x00000000e2c00000|  0%| F|  |TAMS 0x00000000e2b00000, 0x00000000e2b00000| Untracked 
|  44|0x00000000e2c00000, 0x00000000e2c00000, 0x00000000e2d00000|  0%| F|  |TAMS 0x00000000e2c00000, 0x00000000e2c00000| Untracked 
|  45|0x00000000e2d00000, 0x00000000e2d00000, 0x00000000e2e00000|  0%| F|  |TAMS 0x00000000e2d00000, 0x00000000e2d00000| Untracked 
|  46|0x00000000e2e00000, 0x00000000e2e00000, 0x00000000e2f00000|  0%| F|  |TAMS 0x00000000e2e00000, 0x00000000e2e00000| Untracked 
|  47|0x00000000e2f00000, 0x00000000e2f00000, 0x00000000e3000000|  0%| F|  |TAMS 0x00000000e2f00000, 0x00000000e2f00000| Untracked 
|  48|0x00000000e3000000, 0x00000000e3000000, 0x00000000e3100000|  0%| F|  |TAMS 0x00000000e3000000, 0x00000000e3000000| Untracked 
|  49|0x00000000e3100000, 0x00000000e3100000, 0x00000000e3200000|  0%| F|  |TAMS 0x00000000e3100000, 0x00000000e3100000| Untracked 
|  50|0x00000000e3200000, 0x00000000e3200000, 0x00000000e3300000|  0%| F|  |TAMS 0x00000000e3200000, 0x00000000e3200000| Untracked 
|  51|0x00000000e3300000, 0x00000000e3300000, 0x00000000e3400000|  0%| F|  |TAMS 0x00000000e3300000, 0x00000000e3300000| Untracked 
|  52|0x00000000e3400000, 0x00000000e3400000, 0x00000000e3500000|  0%| F|  |TAMS 0x00000000e3400000, 0x00000000e3400000| Untracked 
|  53|0x00000000e3500000, 0x00000000e3500000, 0x00000000e3600000|  0%| F|  |TAMS 0x00000000e3500000, 0x00000000e3500000| Untracked 
|  54|0x00000000e3600000, 0x00000000e3600000, 0x00000000e3700000|  0%| F|  |TAMS 0x00000000e3600000, 0x00000000e3600000| Untracked 
|  55|0x00000000e3700000, 0x00000000e3700000, 0x00000000e3800000|  0%| F|  |TAMS 0x00000000e3700000, 0x00000000e3700000| Untracked 
|  56|0x00000000e3800000, 0x00000000e3800000, 0x00000000e3900000|  0%| F|  |TAMS 0x00000000e3800000, 0x00000000e3800000| Untracked 
|  57|0x00000000e3900000, 0x00000000e3900000, 0x00000000e3a00000|  0%| F|  |TAMS 0x00000000e3900000, 0x00000000e3900000| Untracked 
|  58|0x00000000e3a00000, 0x00000000e3a00000, 0x00000000e3b00000|  0%| F|  |TAMS 0x00000000e3a00000, 0x00000000e3a00000| Untracked 
|  59|0x00000000e3b00000, 0x00000000e3b00000, 0x00000000e3c00000|  0%| F|  |TAMS 0x00000000e3b00000, 0x00000000e3b00000| Untracked 
|  60|0x00000000e3c00000, 0x00000000e3c00000, 0x00000000e3d00000|  0%| F|  |TAMS 0x00000000e3c00000, 0x00000000e3c00000| Untracked 
|  61|0x00000000e3d00000, 0x00000000e3d00000, 0x00000000e3e00000|  0%| F|  |TAMS 0x00000000e3d00000, 0x00000000e3d00000| Untracked 
|  62|0x00000000e3e00000, 0x00000000e3e00000, 0x00000000e3f00000|  0%| F|  |TAMS 0x00000000e3e00000, 0x00000000e3e00000| Untracked 
|  63|0x00000000e3f00000, 0x00000000e3f00000, 0x00000000e4000000|  0%| F|  |TAMS 0x00000000e3f00000, 0x00000000e3f00000| Untracked 
|  64|0x00000000e4000000, 0x00000000e4000000, 0x00000000e4100000|  0%| F|  |TAMS 0x00000000e4000000, 0x00000000e4000000| Untracked 
|  65|0x00000000e4100000, 0x00000000e4100000, 0x00000000e4200000|  0%| F|  |TAMS 0x00000000e4100000, 0x00000000e4100000| Untracked 
|  66|0x00000000e4200000, 0x00000000e4200000, 0x00000000e4300000|  0%| F|  |TAMS 0x00000000e4200000, 0x00000000e4200000| Untracked 
|  67|0x00000000e4300000, 0x00000000e4300000, 0x00000000e4400000|  0%| F|  |TAMS 0x00000000e4300000, 0x00000000e4300000| Untracked 
|  68|0x00000000e4400000, 0x00000000e4400000, 0x00000000e4500000|  0%| F|  |TAMS 0x00000000e4400000, 0x00000000e4400000| Untracked 
|  69|0x00000000e4500000, 0x00000000e4500000, 0x00000000e4600000|  0%| F|  |TAMS 0x00000000e4500000, 0x00000000e4500000| Untracked 
|  70|0x00000000e4600000, 0x00000000e4600000, 0x00000000e4700000|  0%| F|  |TAMS 0x00000000e4600000, 0x00000000e4600000| Untracked 
|  71|0x00000000e4700000, 0x00000000e4700000, 0x00000000e4800000|  0%| F|  |TAMS 0x00000000e4700000, 0x00000000e4700000| Untracked 
|  72|0x00000000e4800000, 0x00000000e4800000, 0x00000000e4900000|  0%| F|  |TAMS 0x00000000e4800000, 0x00000000e4800000| Untracked 
|  73|0x00000000e4900000, 0x00000000e4900000, 0x00000000e4a00000|  0%| F|  |TAMS 0x00000000e4900000, 0x00000000e4900000| Untracked 
|  74|0x00000000e4a00000, 0x00000000e4a00000, 0x00000000e4b00000|  0%| F|  |TAMS 0x00000000e4a00000, 0x00000000e4a00000| Untracked 
|  75|0x00000000e4b00000, 0x00000000e4b00000, 0x00000000e4c00000|  0%| F|  |TAMS 0x00000000e4b00000, 0x00000000e4b00000| Untracked 
|  76|0x00000000e4c00000, 0x00000000e4c00000, 0x00000000e4d00000|  0%| F|  |TAMS 0x00000000e4c00000, 0x00000000e4c00000| Untracked 
|  77|0x00000000e4d00000, 0x00000000e4d00000, 0x00000000e4e00000|  0%| F|  |TAMS 0x00000000e4d00000, 0x00000000e4d00000| Untracked 
|  78|0x00000000e4e00000, 0x00000000e4e00000, 0x00000000e4f00000|  0%| F|  |TAMS 0x00000000e4e00000, 0x00000000e4e00000| Untracked 
|  79|0x00000000e4f00000, 0x00000000e4f00000, 0x00000000e5000000|  0%| F|  |TAMS 0x00000000e4f00000, 0x00000000e4f00000| Untracked 
|  80|0x00000000e5000000, 0x00000000e5000000, 0x00000000e5100000|  0%| F|  |TAMS 0x00000000e5000000, 0x00000000e5000000| Untracked 
|  81|0x00000000e5100000, 0x00000000e5100000, 0x00000000e5200000|  0%| F|  |TAMS 0x00000000e5100000, 0x00000000e5100000| Untracked 
|  82|0x00000000e5200000, 0x00000000e5200000, 0x00000000e5300000|  0%| F|  |TAMS 0x00000000e5200000, 0x00000000e5200000| Untracked 
|  83|0x00000000e5300000, 0x00000000e5300000, 0x00000000e5400000|  0%| F|  |TAMS 0x00000000e5300000, 0x00000000e5300000| Untracked 
|  84|0x00000000e5400000, 0x00000000e5400000, 0x00000000e5500000|  0%| F|  |TAMS 0x00000000e5400000, 0x00000000e5400000| Untracked 
|  85|0x00000000e5500000, 0x00000000e5500000, 0x00000000e5600000|  0%| F|  |TAMS 0x00000000e5500000, 0x00000000e5500000| Untracked 
|  86|0x00000000e5600000, 0x00000000e5600000, 0x00000000e5700000|  0%| F|  |TAMS 0x00000000e5600000, 0x00000000e5600000| Untracked 
|  87|0x00000000e5700000, 0x00000000e5700000, 0x00000000e5800000|  0%| F|  |TAMS 0x00000000e5700000, 0x00000000e5700000| Untracked 
|  88|0x00000000e5800000, 0x00000000e5800000, 0x00000000e5900000|  0%| F|  |TAMS 0x00000000e5800000, 0x00000000e5800000| Untracked 
|  89|0x00000000e5900000, 0x00000000e5900000, 0x00000000e5a00000|  0%| F|  |TAMS 0x00000000e5900000, 0x00000000e5900000| Untracked 
|  90|0x00000000e5a00000, 0x00000000e5a00000, 0x00000000e5b00000|  0%| F|  |TAMS 0x00000000e5a00000, 0x00000000e5a00000| Untracked 
|  91|0x00000000e5b00000, 0x00000000e5b00000, 0x00000000e5c00000|  0%| F|  |TAMS 0x00000000e5b00000, 0x00000000e5b00000| Untracked 
|  92|0x00000000e5c00000, 0x00000000e5c00000, 0x00000000e5d00000|  0%| F|  |TAMS 0x00000000e5c00000, 0x00000000e5c00000| Untracked 
|  93|0x00000000e5d00000, 0x00000000e5d00000, 0x00000000e5e00000|  0%| F|  |TAMS 0x00000000e5d00000, 0x00000000e5d00000| Untracked 
|  94|0x00000000e5e00000, 0x00000000e5e00000, 0x00000000e5f00000|  0%| F|  |TAMS 0x00000000e5e00000, 0x00000000e5e00000| Untracked 
|  95|0x00000000e5f00000, 0x00000000e5f00000, 0x00000000e6000000|  0%| F|  |TAMS 0x00000000e5f00000, 0x00000000e5f00000| Untracked 
|  96|0x00000000e6000000, 0x00000000e6000000, 0x00000000e6100000|  0%| F|  |TAMS 0x00000000e6000000, 0x00000000e6000000| Untracked 
|  97|0x00000000e6100000, 0x00000000e6100000, 0x00000000e6200000|  0%| F|  |TAMS 0x00000000e6100000, 0x00000000e6100000| Untracked 
|  98|0x00000000e6200000, 0x00000000e6200000, 0x00000000e6300000|  0%| F|  |TAMS 0x00000000e6200000, 0x00000000e6200000| Untracked 
|  99|0x00000000e6300000, 0x00000000e6300000, 0x00000000e6400000|  0%| F|  |TAMS 0x00000000e6300000, 0x00000000e6300000| Untracked 
| 100|0x00000000e6400000, 0x00000000e6400000, 0x00000000e6500000|  0%| F|  |TAMS 0x00000000e6400000, 0x00000000e6400000| Untracked 
| 101|0x00000000e6500000, 0x00000000e6500000, 0x00000000e6600000|  0%| F|  |TAMS 0x00000000e6500000, 0x00000000e6500000| Untracked 
| 102|0x00000000e6600000, 0x00000000e6600000, 0x00000000e6700000|  0%| F|  |TAMS 0x00000000e6600000, 0x00000000e6600000| Untracked 
| 103|0x00000000e6700000, 0x00000000e6700000, 0x00000000e6800000|  0%| F|  |TAMS 0x00000000e6700000, 0x00000000e6700000| Untracked 
| 104|0x00000000e6800000, 0x00000000e6800000, 0x00000000e6900000|  0%| F|  |TAMS 0x00000000e6800000, 0x00000000e6800000| Untracked 
| 105|0x00000000e6900000, 0x00000000e6900000, 0x00000000e6a00000|  0%| F|  |TAMS 0x00000000e6900000, 0x00000000e6900000| Untracked 
| 106|0x00000000e6a00000, 0x00000000e6a00000, 0x00000000e6b00000|  0%| F|  |TAMS 0x00000000e6a00000, 0x00000000e6a00000| Untracked 
| 107|0x00000000e6b00000, 0x00000000e6b00000, 0x00000000e6c00000|  0%| F|  |TAMS 0x00000000e6b00000, 0x00000000e6b00000| Untracked 
| 108|0x00000000e6c00000, 0x00000000e6c00000, 0x00000000e6d00000|  0%| F|  |TAMS 0x00000000e6c00000, 0x00000000e6c00000| Untracked 
| 109|0x00000000e6d00000, 0x00000000e6d00000, 0x00000000e6e00000|  0%| F|  |TAMS 0x00000000e6d00000, 0x00000000e6d00000| Untracked 
| 110|0x00000000e6e00000, 0x00000000e6e00000, 0x00000000e6f00000|  0%| F|  |TAMS 0x00000000e6e00000, 0x00000000e6e00000| Untracked 
| 111|0x00000000e6f00000, 0x00000000e6f00000, 0x00000000e7000000|  0%| F|  |TAMS 0x00000000e6f00000, 0x00000000e6f00000| Untracked 
| 112|0x00000000e7000000, 0x00000000e7000000, 0x00000000e7100000|  0%| F|  |TAMS 0x00000000e7000000, 0x00000000e7000000| Untracked 
| 113|0x00000000e7100000, 0x00000000e7100000, 0x00000000e7200000|  0%| F|  |TAMS 0x00000000e7100000, 0x00000000e7100000| Untracked 
| 114|0x00000000e7200000, 0x00000000e7200000, 0x00000000e7300000|  0%| F|  |TAMS 0x00000000e7200000, 0x00000000e7200000| Untracked 
| 115|0x00000000e7300000, 0x00000000e7300000, 0x00000000e7400000|  0%| F|  |TAMS 0x00000000e7300000, 0x00000000e7300000| Untracked 
| 116|0x00000000e7400000, 0x00000000e7400000, 0x00000000e7500000|  0%| F|  |TAMS 0x00000000e7400000, 0x00000000e7400000| Untracked 
| 117|0x00000000e7500000, 0x00000000e7500000, 0x00000000e7600000|  0%| F|  |TAMS 0x00000000e7500000, 0x00000000e7500000| Untracked 
| 118|0x00000000e7600000, 0x00000000e7600000, 0x00000000e7700000|  0%| F|  |TAMS 0x00000000e7600000, 0x00000000e7600000| Untracked 
| 119|0x00000000e7700000, 0x00000000e7700000, 0x00000000e7800000|  0%| F|  |TAMS 0x00000000e7700000, 0x00000000e7700000| Untracked 
| 120|0x00000000e7800000, 0x00000000e7800000, 0x00000000e7900000|  0%| F|  |TAMS 0x00000000e7800000, 0x00000000e7800000| Untracked 
| 121|0x00000000e7900000, 0x00000000e7900000, 0x00000000e7a00000|  0%| F|  |TAMS 0x00000000e7900000, 0x00000000e7900000| Untracked 
| 122|0x00000000e7a00000, 0x00000000e7a00000, 0x00000000e7b00000|  0%| F|  |TAMS 0x00000000e7a00000, 0x00000000e7a00000| Untracked 
| 123|0x00000000e7b00000, 0x00000000e7b00000, 0x00000000e7c00000|  0%| F|  |TAMS 0x00000000e7b00000, 0x00000000e7b00000| Untracked 
| 124|0x00000000e7c00000, 0x00000000e7c00000, 0x00000000e7d00000|  0%| F|  |TAMS 0x00000000e7c00000, 0x00000000e7c00000| Untracked 
| 125|0x00000000e7d00000, 0x00000000e7d00000, 0x00000000e7e00000|  0%| F|  |TAMS 0x00000000e7d00000, 0x00000000e7d00000| Untracked 
| 126|0x00000000e7e00000, 0x00000000e7e00000, 0x00000000e7f00000|  0%| F|  |TAMS 0x00000000e7e00000, 0x00000000e7e00000| Untracked 
| 127|0x00000000e7f00000, 0x00000000e7f00000, 0x00000000e8000000|  0%| F|  |TAMS 0x00000000e7f00000, 0x00000000e7f00000| Untracked 
| 128|0x00000000e8000000, 0x00000000e8000000, 0x00000000e8100000|  0%| F|  |TAMS 0x00000000e8000000, 0x00000000e8000000| Untracked 
| 129|0x00000000e8100000, 0x00000000e8100000, 0x00000000e8200000|  0%| F|  |TAMS 0x00000000e8100000, 0x00000000e8100000| Untracked 
| 130|0x00000000e8200000, 0x00000000e8200000, 0x00000000e8300000|  0%| F|  |TAMS 0x00000000e8200000, 0x00000000e8200000| Untracked 
| 131|0x00000000e8300000, 0x00000000e8300000, 0x00000000e8400000|  0%| F|  |TAMS 0x00000000e8300000, 0x00000000e8300000| Untracked 
| 132|0x00000000e8400000, 0x00000000e8400000, 0x00000000e8500000|  0%| F|  |TAMS 0x00000000e8400000, 0x00000000e8400000| Untracked 
| 133|0x00000000e8500000, 0x00000000e8500000, 0x00000000e8600000|  0%| F|  |TAMS 0x00000000e8500000, 0x00000000e8500000| Untracked 
| 134|0x00000000e8600000, 0x00000000e8600000, 0x00000000e8700000|  0%| F|  |TAMS 0x00000000e8600000, 0x00000000e8600000| Untracked 
| 135|0x00000000e8700000, 0x00000000e8700000, 0x00000000e8800000|  0%| F|  |TAMS 0x00000000e8700000, 0x00000000e8700000| Untracked 
| 136|0x00000000e8800000, 0x00000000e8800000, 0x00000000e8900000|  0%| F|  |TAMS 0x00000000e8800000, 0x00000000e8800000| Untracked 
| 137|0x00000000e8900000, 0x00000000e8900000, 0x00000000e8a00000|  0%| F|  |TAMS 0x00000000e8900000, 0x00000000e8900000| Untracked 
| 138|0x00000000e8a00000, 0x00000000e8a00000, 0x00000000e8b00000|  0%| F|  |TAMS 0x00000000e8a00000, 0x00000000e8a00000| Untracked 
| 139|0x00000000e8b00000, 0x00000000e8b00000, 0x00000000e8c00000|  0%| F|  |TAMS 0x00000000e8b00000, 0x00000000e8b00000| Untracked 
| 140|0x00000000e8c00000, 0x00000000e8c00000, 0x00000000e8d00000|  0%| F|  |TAMS 0x00000000e8c00000, 0x00000000e8c00000| Untracked 
| 141|0x00000000e8d00000, 0x00000000e8d00000, 0x00000000e8e00000|  0%| F|  |TAMS 0x00000000e8d00000, 0x00000000e8d00000| Untracked 
| 142|0x00000000e8e00000, 0x00000000e8e00000, 0x00000000e8f00000|  0%| F|  |TAMS 0x00000000e8e00000, 0x00000000e8e00000| Untracked 
| 143|0x00000000e8f00000, 0x00000000e8f00000, 0x00000000e9000000|  0%| F|  |TAMS 0x00000000e8f00000, 0x00000000e8f00000| Untracked 
| 144|0x00000000e9000000, 0x00000000e9000000, 0x00000000e9100000|  0%| F|  |TAMS 0x00000000e9000000, 0x00000000e9000000| Untracked 
| 145|0x00000000e9100000, 0x00000000e9100000, 0x00000000e9200000|  0%| F|  |TAMS 0x00000000e9100000, 0x00000000e9100000| Untracked 
| 146|0x00000000e9200000, 0x00000000e9200000, 0x00000000e9300000|  0%| F|  |TAMS 0x00000000e9200000, 0x00000000e9200000| Untracked 
| 147|0x00000000e9300000, 0x00000000e9300000, 0x00000000e9400000|  0%| F|  |TAMS 0x00000000e9300000, 0x00000000e9300000| Untracked 
| 148|0x00000000e9400000, 0x00000000e9400000, 0x00000000e9500000|  0%| F|  |TAMS 0x00000000e9400000, 0x00000000e9400000| Untracked 
| 149|0x00000000e9500000, 0x00000000e9500000, 0x00000000e9600000|  0%| F|  |TAMS 0x00000000e9500000, 0x00000000e9500000| Untracked 
| 150|0x00000000e9600000, 0x00000000e9600000, 0x00000000e9700000|  0%| F|  |TAMS 0x00000000e9600000, 0x00000000e9600000| Untracked 
| 151|0x00000000e9700000, 0x00000000e9700000, 0x00000000e9800000|  0%| F|  |TAMS 0x00000000e9700000, 0x00000000e9700000| Untracked 
| 152|0x00000000e9800000, 0x00000000e9800000, 0x00000000e9900000|  0%| F|  |TAMS 0x00000000e9800000, 0x00000000e9800000| Untracked 
| 153|0x00000000e9900000, 0x00000000e9900000, 0x00000000e9a00000|  0%| F|  |TAMS 0x00000000e9900000, 0x00000000e9900000| Untracked 
| 154|0x00000000e9a00000, 0x00000000e9a00000, 0x00000000e9b00000|  0%| F|  |TAMS 0x00000000e9a00000, 0x00000000e9a00000| Untracked 
| 155|0x00000000e9b00000, 0x00000000e9b00000, 0x00000000e9c00000|  0%| F|  |TAMS 0x00000000e9b00000, 0x00000000e9b00000| Untracked 
| 156|0x00000000e9c00000, 0x00000000e9c00000, 0x00000000e9d00000|  0%| F|  |TAMS 0x00000000e9c00000, 0x00000000e9c00000| Untracked 
| 157|0x00000000e9d00000, 0x00000000e9d00000, 0x00000000e9e00000|  0%| F|  |TAMS 0x00000000e9d00000, 0x00000000e9d00000| Untracked 
| 158|0x00000000e9e00000, 0x00000000e9e00000, 0x00000000e9f00000|  0%| F|  |TAMS 0x00000000e9e00000, 0x00000000e9e00000| Untracked 
| 159|0x00000000e9f00000, 0x00000000e9f00000, 0x00000000ea000000|  0%| F|  |TAMS 0x00000000e9f00000, 0x00000000e9f00000| Untracked 
| 160|0x00000000ea000000, 0x00000000ea000000, 0x00000000ea100000|  0%| F|  |TAMS 0x00000000ea000000, 0x00000000ea000000| Untracked 
| 161|0x00000000ea100000, 0x00000000ea100000, 0x00000000ea200000|  0%| F|  |TAMS 0x00000000ea100000, 0x00000000ea100000| Untracked 
| 162|0x00000000ea200000, 0x00000000ea200000, 0x00000000ea300000|  0%| F|  |TAMS 0x00000000ea200000, 0x00000000ea200000| Untracked 
| 163|0x00000000ea300000, 0x00000000ea300000, 0x00000000ea400000|  0%| F|  |TAMS 0x00000000ea300000, 0x00000000ea300000| Untracked 
| 164|0x00000000ea400000, 0x00000000ea400000, 0x00000000ea500000|  0%| F|  |TAMS 0x00000000ea400000, 0x00000000ea400000| Untracked 
| 165|0x00000000ea500000, 0x00000000ea500000, 0x00000000ea600000|  0%| F|  |TAMS 0x00000000ea500000, 0x00000000ea500000| Untracked 
| 166|0x00000000ea600000, 0x00000000ea600000, 0x00000000ea700000|  0%| F|  |TAMS 0x00000000ea600000, 0x00000000ea600000| Untracked 
| 167|0x00000000ea700000, 0x00000000ea700000, 0x00000000ea800000|  0%| F|  |TAMS 0x00000000ea700000, 0x00000000ea700000| Untracked 
| 168|0x00000000ea800000, 0x00000000ea800000, 0x00000000ea900000|  0%| F|  |TAMS 0x00000000ea800000, 0x00000000ea800000| Untracked 
| 169|0x00000000ea900000, 0x00000000ea900000, 0x00000000eaa00000|  0%| F|  |TAMS 0x00000000ea900000, 0x00000000ea900000| Untracked 
| 170|0x00000000eaa00000, 0x00000000eaa00000, 0x00000000eab00000|  0%| F|  |TAMS 0x00000000eaa00000, 0x00000000eaa00000| Untracked 
| 171|0x00000000eab00000, 0x00000000eab00000, 0x00000000eac00000|  0%| F|  |TAMS 0x00000000eab00000, 0x00000000eab00000| Untracked 
| 172|0x00000000eac00000, 0x00000000eac00000, 0x00000000ead00000|  0%| F|  |TAMS 0x00000000eac00000, 0x00000000eac00000| Untracked 
| 173|0x00000000ead00000, 0x00000000ead00000, 0x00000000eae00000|  0%| F|  |TAMS 0x00000000ead00000, 0x00000000ead00000| Untracked 
| 174|0x00000000eae00000, 0x00000000eae00000, 0x00000000eaf00000|  0%| F|  |TAMS 0x00000000eae00000, 0x00000000eae00000| Untracked 
| 175|0x00000000eaf00000, 0x00000000eaf00000, 0x00000000eb000000|  0%| F|  |TAMS 0x00000000eaf00000, 0x00000000eaf00000| Untracked 
| 176|0x00000000eb000000, 0x00000000eb100000, 0x00000000eb100000|100%| E|  |TAMS 0x00000000eb000000, 0x00000000eb000000| Complete 
| 177|0x00000000eb100000, 0x00000000eb200000, 0x00000000eb200000|100%| E|CS|TAMS 0x00000000eb100000, 0x00000000eb100000| Complete 
| 178|0x00000000eb200000, 0x00000000eb300000, 0x00000000eb300000|100%| E|CS|TAMS 0x00000000eb200000, 0x00000000eb200000| Complete 
| 179|0x00000000eb300000, 0x00000000eb400000, 0x00000000eb400000|100%| E|CS|TAMS 0x00000000eb300000, 0x00000000eb300000| Complete 
| 180|0x00000000eb400000, 0x00000000eb500000, 0x00000000eb500000|100%| E|CS|TAMS 0x00000000eb400000, 0x00000000eb400000| Complete 
| 181|0x00000000eb500000, 0x00000000eb600000, 0x00000000eb600000|100%| E|CS|TAMS 0x00000000eb500000, 0x00000000eb500000| Complete 
| 182|0x00000000eb600000, 0x00000000eb700000, 0x00000000eb700000|100%| E|CS|TAMS 0x00000000eb600000, 0x00000000eb600000| Complete 
| 183|0x00000000eb700000, 0x00000000eb800000, 0x00000000eb800000|100%| E|CS|TAMS 0x00000000eb700000, 0x00000000eb700000| Complete 
| 184|0x00000000eb800000, 0x00000000eb900000, 0x00000000eb900000|100%| E|CS|TAMS 0x00000000eb800000, 0x00000000eb800000| Complete 
| 185|0x00000000eb900000, 0x00000000eba00000, 0x00000000eba00000|100%| E|CS|TAMS 0x00000000eb900000, 0x00000000eb900000| Complete 
| 186|0x00000000eba00000, 0x00000000ebb00000, 0x00000000ebb00000|100%| E|CS|TAMS 0x00000000eba00000, 0x00000000eba00000| Complete 
| 187|0x00000000ebb00000, 0x00000000ebc00000, 0x00000000ebc00000|100%| E|CS|TAMS 0x00000000ebb00000, 0x00000000ebb00000| Complete 
| 188|0x00000000ebc00000, 0x00000000ebd00000, 0x00000000ebd00000|100%| E|CS|TAMS 0x00000000ebc00000, 0x00000000ebc00000| Complete 
| 189|0x00000000ebd00000, 0x00000000ebe00000, 0x00000000ebe00000|100%| E|CS|TAMS 0x00000000ebd00000, 0x00000000ebd00000| Complete 
| 190|0x00000000ebe00000, 0x00000000ebf00000, 0x00000000ebf00000|100%| E|CS|TAMS 0x00000000ebe00000, 0x00000000ebe00000| Complete 
| 191|0x00000000ebf00000, 0x00000000ec000000, 0x00000000ec000000|100%| E|CS|TAMS 0x00000000ebf00000, 0x00000000ebf00000| Complete 
| 192|0x00000000ec000000, 0x00000000ec100000, 0x00000000ec100000|100%| E|CS|TAMS 0x00000000ec000000, 0x00000000ec000000| Complete 
| 193|0x00000000ec100000, 0x00000000ec200000, 0x00000000ec200000|100%| E|CS|TAMS 0x00000000ec100000, 0x00000000ec100000| Complete 
| 194|0x00000000ec200000, 0x00000000ec300000, 0x00000000ec300000|100%| E|CS|TAMS 0x00000000ec200000, 0x00000000ec200000| Complete 
| 195|0x00000000ec300000, 0x00000000ec400000, 0x00000000ec400000|100%| E|CS|TAMS 0x00000000ec300000, 0x00000000ec300000| Complete 
| 196|0x00000000ec400000, 0x00000000ec500000, 0x00000000ec500000|100%| E|CS|TAMS 0x00000000ec400000, 0x00000000ec400000| Complete 
| 197|0x00000000ec500000, 0x00000000ec600000, 0x00000000ec600000|100%| E|CS|TAMS 0x00000000ec500000, 0x00000000ec500000| Complete 
| 198|0x00000000ec600000, 0x00000000ec700000, 0x00000000ec700000|100%| E|CS|TAMS 0x00000000ec600000, 0x00000000ec600000| Complete 
| 199|0x00000000ec700000, 0x00000000ec800000, 0x00000000ec800000|100%| E|CS|TAMS 0x00000000ec700000, 0x00000000ec700000| Complete 
| 200|0x00000000ec800000, 0x00000000ec900000, 0x00000000ec900000|100%| E|CS|TAMS 0x00000000ec800000, 0x00000000ec800000| Complete 
| 201|0x00000000ec900000, 0x00000000eca00000, 0x00000000eca00000|100%| E|CS|TAMS 0x00000000ec900000, 0x00000000ec900000| Complete 
| 202|0x00000000eca00000, 0x00000000ecb00000, 0x00000000ecb00000|100%| E|CS|TAMS 0x00000000eca00000, 0x00000000eca00000| Complete 
| 203|0x00000000ecb00000, 0x00000000ecc00000, 0x00000000ecc00000|100%| E|CS|TAMS 0x00000000ecb00000, 0x00000000ecb00000| Complete 
| 204|0x00000000ecc00000, 0x00000000ecd00000, 0x00000000ecd00000|100%| E|CS|TAMS 0x00000000ecc00000, 0x00000000ecc00000| Complete 
| 205|0x00000000ecd00000, 0x00000000ece00000, 0x00000000ece00000|100%| E|CS|TAMS 0x00000000ecd00000, 0x00000000ecd00000| Complete 
| 206|0x00000000ece00000, 0x00000000ecf00000, 0x00000000ecf00000|100%| E|CS|TAMS 0x00000000ece00000, 0x00000000ece00000| Complete 
| 207|0x00000000ecf00000, 0x00000000ed000000, 0x00000000ed000000|100%| E|CS|TAMS 0x00000000ecf00000, 0x00000000ecf00000| Complete 
| 208|0x00000000ed000000, 0x00000000ed100000, 0x00000000ed100000|100%| E|CS|TAMS 0x00000000ed000000, 0x00000000ed000000| Complete 
| 209|0x00000000ed100000, 0x00000000ed200000, 0x00000000ed200000|100%| E|CS|TAMS 0x00000000ed100000, 0x00000000ed100000| Complete 
| 210|0x00000000ed200000, 0x00000000ed300000, 0x00000000ed300000|100%| E|CS|TAMS 0x00000000ed200000, 0x00000000ed200000| Complete 
| 211|0x00000000ed300000, 0x00000000ed400000, 0x00000000ed400000|100%| E|CS|TAMS 0x00000000ed300000, 0x00000000ed300000| Complete 
| 212|0x00000000ed400000, 0x00000000ed500000, 0x00000000ed500000|100%| E|CS|TAMS 0x00000000ed400000, 0x00000000ed400000| Complete 
| 213|0x00000000ed500000, 0x00000000ed600000, 0x00000000ed600000|100%| E|CS|TAMS 0x00000000ed500000, 0x00000000ed500000| Complete 
| 214|0x00000000ed600000, 0x00000000ed700000, 0x00000000ed700000|100%| E|CS|TAMS 0x00000000ed600000, 0x00000000ed600000| Complete 
| 215|0x00000000ed700000, 0x00000000ed800000, 0x00000000ed800000|100%| E|CS|TAMS 0x00000000ed700000, 0x00000000ed700000| Complete 
| 216|0x00000000ed800000, 0x00000000ed900000, 0x00000000ed900000|100%| E|CS|TAMS 0x00000000ed800000, 0x00000000ed800000| Complete 
| 217|0x00000000ed900000, 0x00000000eda00000, 0x00000000eda00000|100%| E|CS|TAMS 0x00000000ed900000, 0x00000000ed900000| Complete 
| 218|0x00000000eda00000, 0x00000000edb00000, 0x00000000edb00000|100%| E|CS|TAMS 0x00000000eda00000, 0x00000000eda00000| Complete 
| 219|0x00000000edb00000, 0x00000000edc00000, 0x00000000edc00000|100%| E|CS|TAMS 0x00000000edb00000, 0x00000000edb00000| Complete 
| 220|0x00000000edc00000, 0x00000000edd00000, 0x00000000edd00000|100%| E|CS|TAMS 0x00000000edc00000, 0x00000000edc00000| Complete 
| 221|0x00000000edd00000, 0x00000000ede00000, 0x00000000ede00000|100%| E|CS|TAMS 0x00000000edd00000, 0x00000000edd00000| Complete 
| 222|0x00000000ede00000, 0x00000000edf00000, 0x00000000edf00000|100%| E|CS|TAMS 0x00000000ede00000, 0x00000000ede00000| Complete 
| 223|0x00000000edf00000, 0x00000000ee000000, 0x00000000ee000000|100%| E|CS|TAMS 0x00000000edf00000, 0x00000000edf00000| Complete 
| 224|0x00000000ee000000, 0x00000000ee100000, 0x00000000ee100000|100%| E|CS|TAMS 0x00000000ee000000, 0x00000000ee000000| Complete 
| 225|0x00000000ee100000, 0x00000000ee132120, 0x00000000ee200000| 19%| S|CS|TAMS 0x00000000ee100000, 0x00000000ee100000| Complete 
| 226|0x00000000ee200000, 0x00000000ee300000, 0x00000000ee300000|100%| S|CS|TAMS 0x00000000ee200000, 0x00000000ee200000| Complete 
| 227|0x00000000ee300000, 0x00000000ee400000, 0x00000000ee400000|100%| E|CS|TAMS 0x00000000ee300000, 0x00000000ee300000| Complete 
| 228|0x00000000ee400000, 0x00000000ee500000, 0x00000000ee500000|100%| E|CS|TAMS 0x00000000ee400000, 0x00000000ee400000| Complete 
| 229|0x00000000ee500000, 0x00000000ee600000, 0x00000000ee600000|100%| E|CS|TAMS 0x00000000ee500000, 0x00000000ee500000| Complete 
| 230|0x00000000ee600000, 0x00000000ee700000, 0x00000000ee700000|100%| E|CS|TAMS 0x00000000ee600000, 0x00000000ee600000| Complete 
| 231|0x00000000ee700000, 0x00000000ee800000, 0x00000000ee800000|100%| E|CS|TAMS 0x00000000ee700000, 0x00000000ee700000| Complete 
| 232|0x00000000ee800000, 0x00000000ee900000, 0x00000000ee900000|100%| E|CS|TAMS 0x00000000ee800000, 0x00000000ee800000| Complete 
| 233|0x00000000ee900000, 0x00000000eea00000, 0x00000000eea00000|100%| E|CS|TAMS 0x00000000ee900000, 0x00000000ee900000| Complete 
| 234|0x00000000eea00000, 0x00000000eeb00000, 0x00000000eeb00000|100%| E|CS|TAMS 0x00000000eea00000, 0x00000000eea00000| Complete 
| 235|0x00000000eeb00000, 0x00000000eec00000, 0x00000000eec00000|100%| E|CS|TAMS 0x00000000eeb00000, 0x00000000eeb00000| Complete 
| 236|0x00000000eec00000, 0x00000000eed00000, 0x00000000eed00000|100%| E|CS|TAMS 0x00000000eec00000, 0x00000000eec00000| Complete 
| 237|0x00000000eed00000, 0x00000000eee00000, 0x00000000eee00000|100%| E|CS|TAMS 0x00000000eed00000, 0x00000000eed00000| Complete 
| 238|0x00000000eee00000, 0x00000000eef00000, 0x00000000eef00000|100%| E|CS|TAMS 0x00000000eee00000, 0x00000000eee00000| Complete 
| 239|0x00000000eef00000, 0x00000000ef000000, 0x00000000ef000000|100%| E|CS|TAMS 0x00000000eef00000, 0x00000000eef00000| Complete 
| 240|0x00000000ef000000, 0x00000000ef100000, 0x00000000ef100000|100%| E|CS|TAMS 0x00000000ef000000, 0x00000000ef000000| Complete 
| 241|0x00000000ef100000, 0x00000000ef200000, 0x00000000ef200000|100%| E|CS|TAMS 0x00000000ef100000, 0x00000000ef100000| Complete 
| 242|0x00000000ef200000, 0x00000000ef300000, 0x00000000ef300000|100%| E|CS|TAMS 0x00000000ef200000, 0x00000000ef200000| Complete 
| 243|0x00000000ef300000, 0x00000000ef400000, 0x00000000ef400000|100%| E|CS|TAMS 0x00000000ef300000, 0x00000000ef300000| Complete 
| 244|0x00000000ef400000, 0x00000000ef500000, 0x00000000ef500000|100%| E|CS|TAMS 0x00000000ef400000, 0x00000000ef400000| Complete 
| 245|0x00000000ef500000, 0x00000000ef600000, 0x00000000ef600000|100%| E|CS|TAMS 0x00000000ef500000, 0x00000000ef500000| Complete 
| 246|0x00000000ef600000, 0x00000000ef700000, 0x00000000ef700000|100%| E|CS|TAMS 0x00000000ef600000, 0x00000000ef600000| Complete 
| 247|0x00000000ef700000, 0x00000000ef800000, 0x00000000ef800000|100%| E|CS|TAMS 0x00000000ef700000, 0x00000000ef700000| Complete 
| 248|0x00000000ef800000, 0x00000000ef900000, 0x00000000ef900000|100%| E|CS|TAMS 0x00000000ef800000, 0x00000000ef800000| Complete 
| 249|0x00000000ef900000, 0x00000000efa00000, 0x00000000efa00000|100%| E|CS|TAMS 0x00000000ef900000, 0x00000000ef900000| Complete 
| 250|0x00000000efa00000, 0x00000000efb00000, 0x00000000efb00000|100%| E|CS|TAMS 0x00000000efa00000, 0x00000000efa00000| Complete 
| 251|0x00000000efb00000, 0x00000000efc00000, 0x00000000efc00000|100%| E|CS|TAMS 0x00000000efb00000, 0x00000000efb00000| Complete 
| 252|0x00000000efc00000, 0x00000000efd00000, 0x00000000efd00000|100%| E|CS|TAMS 0x00000000efc00000, 0x00000000efc00000| Complete 
| 253|0x00000000efd00000, 0x00000000efe00000, 0x00000000efe00000|100%| E|CS|TAMS 0x00000000efd00000, 0x00000000efd00000| Complete 
| 254|0x00000000efe00000, 0x00000000eff00000, 0x00000000eff00000|100%| E|CS|TAMS 0x00000000efe00000, 0x00000000efe00000| Complete 
| 255|0x00000000eff00000, 0x00000000f0000000, 0x00000000f0000000|100%| E|CS|TAMS 0x00000000eff00000, 0x00000000eff00000| Complete 

Card table byte_map: [0x000001da7c970000,0x000001da7ca70000] _byte_map_base: 0x000001da7c270000

Marking Bits (Prev, Next): (CMBitMap*) 0x000001da67b64c90, (CMBitMap*) 0x000001da67b64c58
 Prev Bits: [0x000001da7d370000, 0x000001da7db70000)
 Next Bits: [0x000001da7cb70000, 0x000001da7d370000)

Polling page: 0x000001da693d0000

Metaspace:

Usage:
  Non-class:     27.98 MB capacity,    27.43 MB ( 98%) used,   489.91 KB (  2%) free+waste,    71.44 KB ( <1%) overhead. 
      Class:      4.50 MB capacity,     4.21 MB ( 94%) used,   263.27 KB (  6%) free+waste,    35.75 KB ( <1%) overhead. 
       Both:     32.48 MB capacity,    31.64 MB ( 97%) used,   753.18 KB (  2%) free+waste,   107.19 KB ( <1%) overhead. 

Virtual space:
  Non-class space:       28.00 MB reserved,      28.00 MB (100%) committed 
      Class space:      248.00 MB reserved,       4.63 MB (  2%) committed 
             Both:      276.00 MB reserved,      32.63 MB ( 12%) committed 

Chunk freelists:
   Non-Class:  19.00 KB
       Class:  31.00 KB
        Both:  50.00 KB

MaxMetaspaceSize: 256.00 MB
CompressedClassSpaceSize: 248.00 MB

CodeHeap 'non-profiled nmethods': size=120000Kb used=1424Kb max_used=1424Kb free=118575Kb
 bounds [0x000001da748d0000, 0x000001da74b40000, 0x000001da7be00000]
CodeHeap 'profiled nmethods': size=120000Kb used=5787Kb max_used=5787Kb free=114212Kb
 bounds [0x000001da6d3a0000, 0x000001da6d950000, 0x000001da748d0000]
CodeHeap 'non-nmethods': size=5760Kb used=1161Kb max_used=1203Kb free=4598Kb
 bounds [0x000001da6ce00000, 0x000001da6d070000, 0x000001da6d3a0000]
 total_blobs=3278 nmethods=2767 adapters=422
 compilation: enabled
              stopped_count=0, restarted_count=0
 full_count=0

Compilation events (20 events):
Event: 5.614 Thread 0x000001da00f7e800 2754       1       java.lang.ClassValue::version (5 bytes)
Event: 5.614 Thread 0x000001da00f7e800 nmethod 2754 0x000001da74a33390 code [0x000001da74a33540, 0x000001da74a335f8]
Event: 5.615 Thread 0x000001da00f7e800 2756       3       java.lang.PublicMethods$MethodList::getMostSpecific (63 bytes)
Event: 5.616 Thread 0x000001da00f7e800 nmethod 2756 0x000001da6d940610 code [0x000001da6d9407e0, 0x000001da6d940ae8]
Event: 5.616 Thread 0x000001da00f7e800 2757       3       org.codehaus.groovy.util.ManagedReference::<init> (40 bytes)
Event: 5.617 Thread 0x000001da00f7e800 nmethod 2757 0x000001da6d940c90 code [0x000001da6d940e80, 0x000001da6d941318]
Event: 5.617 Thread 0x000001da00f7e800 2758       3       org.codehaus.groovy.util.ManagedReference::<init> (14 bytes)
Event: 5.617 Thread 0x000001da00f7e800 nmethod 2758 0x000001da6d941490 code [0x000001da6d941660, 0x000001da6d9417e8]
Event: 5.617 Thread 0x000001da00f7e800 2759       3       org.codehaus.groovy.util.ReferenceManager$1::afterReferenceCreation (57 bytes)
Event: 5.618 Thread 0x000001da00f7e800 nmethod 2759 0x000001da6d941910 code [0x000001da6d941b00, 0x000001da6d941f18]
Event: 5.618 Thread 0x000001da00f7e800 2760   !   3       org.codehaus.groovy.util.LazyReference::getLocked (85 bytes)
Event: 5.619 Thread 0x000001da00f7e800 nmethod 2760 0x000001da6d942090 code [0x000001da6d9423c0, 0x000001da6d9434f8]
Event: 5.621 Thread 0x000001da00f7e800 2762       3       org.codehaus.groovy.util.LockableObject::tryRelease (45 bytes)
Event: 5.621 Thread 0x000001da00f7e800 nmethod 2762 0x000001da6d943b90 code [0x000001da6d943d60, 0x000001da6d944028]
Event: 5.632 Thread 0x000001da00f7e800 2763       3       java.lang.Throwable::<init> (34 bytes)
Event: 5.633 Thread 0x000001da00f7e800 nmethod 2763 0x000001da6d944110 code [0x000001da6d9442e0, 0x000001da6d9446a8]
Event: 5.633 Thread 0x000001da00f7e800 2764       3       java.lang.Class::getMethod (59 bytes)
Event: 5.634 Thread 0x000001da00f7e800 nmethod 2764 0x000001da6d944790 code [0x000001da6d944a60, 0x000001da6d945688]
Event: 5.634 Thread 0x000001da00f7e800 2765       3       java.lang.Class::getMethod0 (31 bytes)
Event: 5.635 Thread 0x000001da00f7e800 nmethod 2765 0x000001da6d945b10 code [0x000001da6d945ce0, 0x000001da6d945ef8]

GC Heap History (6 events):
Event: 1.495 GC heap before
{Heap before GC invocations=0 (full 0):
 garbage-first heap   total 262144K, used 29696K [0x00000000e0000000, 0x0000000100000000)
  region size 1024K, 24 young (24576K), 0 survivors (0K)
 Metaspace       used 10449K, capacity 10663K, committed 10880K, reserved 264192K
  class space    used 1086K, capacity 1129K, committed 1152K, reserved 253952K
}
Event: 1.503 GC heap after
{Heap after GC invocations=1 (full 0):
 garbage-first heap   total 262144K, used 8744K [0x00000000e0000000, 0x0000000100000000)
  region size 1024K, 3 young (3072K), 3 survivors (3072K)
 Metaspace       used 10449K, capacity 10663K, committed 10880K, reserved 264192K
  class space    used 1086K, capacity 1129K, committed 1152K, reserved 253952K
}
Event: 3.645 GC heap before
{Heap before GC invocations=1 (full 0):
 garbage-first heap   total 262144K, used 96808K [0x00000000e0000000, 0x0000000100000000)
  region size 1024K, 91 young (93184K), 3 survivors (3072K)
 Metaspace       used 20666K, capacity 21179K, committed 21296K, reserved 274432K
  class space    used 2519K, capacity 2664K, committed 2688K, reserved 253952K
}
Event: 3.654 GC heap after
{Heap after GC invocations=2 (full 0):
 garbage-first heap   total 262144K, used 16205K [0x00000000e0000000, 0x0000000100000000)
  region size 1024K, 11 young (11264K), 11 survivors (11264K)
 Metaspace       used 20666K, capacity 21179K, committed 21296K, reserved 274432K
  class space    used 2519K, capacity 2664K, committed 2688K, reserved 253952K
}
Event: 4.156 GC heap before
{Heap before GC invocations=3 (full 0):
 garbage-first heap   total 262144K, used 45901K [0x00000000e0000000, 0x0000000100000000)
  region size 1024K, 40 young (40960K), 11 survivors (11264K)
 Metaspace       used 23803K, capacity 24404K, committed 24576K, reserved 276480K
  class space    used 3029K, capacity 3232K, committed 3328K, reserved 253952K
}
Event: 4.163 GC heap after
{Heap after GC invocations=4 (full 0):
 garbage-first heap   total 262144K, used 17509K [0x00000000e0000000, 0x0000000100000000)
  region size 1024K, 2 young (2048K), 2 survivors (2048K)
 Metaspace       used 23803K, capacity 24404K, committed 24576K, reserved 276480K
  class space    used 3029K, capacity 3232K, committed 3328K, reserved 253952K
}

Deoptimization events (20 events):
Event: 5.354 Thread 0x000001da03337000 Uncommon trap: trap_request=0xffffff4d fr.pc=0x000001da748d6c80 relative=0x00000000000001e0
Event: 5.354 Thread 0x000001da03337000 Uncommon trap: reason=unstable_if action=reinterpret pc=0x000001da748d6c80 method=java.lang.String.isLatin1()Z @ 10 c2
Event: 5.354 Thread 0x000001da03337000 DEOPT PACKING pc=0x000001da748d6c80 sp=0x0000004bfe4fa490
Event: 5.354 Thread 0x000001da03337000 DEOPT UNPACKING pc=0x000001da6ce278af sp=0x0000004bfe4fa3b8 mode 2
Event: 5.354 Thread 0x000001da03337000 Uncommon trap: trap_request=0xffffff45 fr.pc=0x000001da74a1ae74 relative=0x0000000000000214
Event: 5.354 Thread 0x000001da03337000 Uncommon trap: reason=unstable_fused_if action=reinterpret pc=0x000001da74a1ae74 method=org.objectweb.asm.ByteVector.putUTF8(Ljava/lang/String;)Lorg/objectweb/asm/ByteVector; @ 93 c2
Event: 5.354 Thread 0x000001da03337000 DEOPT PACKING pc=0x000001da74a1ae74 sp=0x0000004bfe4fa470
Event: 5.354 Thread 0x000001da03337000 DEOPT UNPACKING pc=0x000001da6ce278af sp=0x0000004bfe4fa3f0 mode 2
Event: 5.454 Thread 0x000001da03337000 Uncommon trap: trap_request=0xffffff4d fr.pc=0x000001da74a0a790 relative=0x0000000000005b30
Event: 5.454 Thread 0x000001da03337000 Uncommon trap: reason=unstable_if action=reinterpret pc=0x000001da74a0a790 method=java.net.URLClassLoader.defineClass(Ljava/lang/String;Ljdk/internal/loader/Resource;)Ljava/lang/Class; @ 21 c2
Event: 5.454 Thread 0x000001da03337000 DEOPT PACKING pc=0x000001da74a0a790 sp=0x0000004bfe4f97c0
Event: 5.454 Thread 0x000001da03337000 DEOPT UNPACKING pc=0x000001da6ce278af sp=0x0000004bfe4f9778 mode 2
Event: 5.454 Thread 0x000001da03337000 Uncommon trap: trap_request=0xffffff4d fr.pc=0x000001da749fa028 relative=0x0000000000000f68
Event: 5.454 Thread 0x000001da03337000 Uncommon trap: reason=unstable_if action=reinterpret pc=0x000001da749fa028 method=java.lang.ClassLoader.getClassLoadingLock(Ljava/lang/String;)Ljava/lang/Object; @ 6 c2
Event: 5.454 Thread 0x000001da03337000 DEOPT PACKING pc=0x000001da749fa028 sp=0x0000004bfe4f7e10
Event: 5.454 Thread 0x000001da03337000 DEOPT UNPACKING pc=0x000001da6ce278af sp=0x0000004bfe4f7d70 mode 2
Event: 5.456 Thread 0x000001da03337000 Uncommon trap: trap_request=0xffffff4d fr.pc=0x000001da74a1e7f4 relative=0x0000000000000714
Event: 5.456 Thread 0x000001da03337000 Uncommon trap: reason=unstable_if action=reinterpret pc=0x000001da74a1e7f4 method=java.lang.Class.getPackageName()Ljava/lang/String; @ 55 c2
Event: 5.456 Thread 0x000001da03337000 DEOPT PACKING pc=0x000001da74a1e7f4 sp=0x0000004bfe4f9550
Event: 5.456 Thread 0x000001da03337000 DEOPT UNPACKING pc=0x000001da6ce278af sp=0x0000004bfe4f9510 mode 2

Classes redefined (0 events):
No events

Internal exceptions (20 events):
Event: 4.754 Thread 0x000001da03337000 Exception <a 'java/lang/NoSuchMethodError'{0x00000000ee003a78}: <clinit>> (0x00000000ee003a78) thrown at [./src/hotspot/share/prims/jni.cpp, line 1362]
Event: 4.755 Thread 0x000001da03337000 Exception <a 'java/lang/NoSuchMethodError'{0x00000000ee00da18}: <clinit>> (0x00000000ee00da18) thrown at [./src/hotspot/share/prims/jni.cpp, line 1362]
Event: 4.764 Thread 0x000001da03337000 Exception <a 'java/lang/NoSuchMethodError'{0x00000000ee0c0e18}: <clinit>> (0x00000000ee0c0e18) thrown at [./src/hotspot/share/prims/jni.cpp, line 1362]
Event: 4.764 Thread 0x000001da03337000 Exception <a 'java/lang/NoSuchMethodError'{0x00000000ee0c3850}: <clinit>> (0x00000000ee0c3850) thrown at [./src/hotspot/share/prims/jni.cpp, line 1362]
Event: 4.764 Thread 0x000001da03337000 Exception <a 'java/lang/NoSuchMethodError'{0x00000000ee0c4e58}: <clinit>> (0x00000000ee0c4e58) thrown at [./src/hotspot/share/prims/jni.cpp, line 1362]
Event: 4.764 Thread 0x000001da03337000 Exception <a 'java/lang/NoSuchMethodError'{0x00000000ee0c63f0}: <clinit>> (0x00000000ee0c63f0) thrown at [./src/hotspot/share/prims/jni.cpp, line 1362]
Event: 4.764 Thread 0x000001da03337000 Exception <a 'java/lang/NoSuchMethodError'{0x00000000ee0c7b50}: <clinit>> (0x00000000ee0c7b50) thrown at [./src/hotspot/share/prims/jni.cpp, line 1362]
Event: 4.764 Thread 0x000001da03337000 Exception <a 'java/lang/NoSuchMethodError'{0x00000000ee0c91e8}: <clinit>> (0x00000000ee0c91e8) thrown at [./src/hotspot/share/prims/jni.cpp, line 1362]
Event: 4.765 Thread 0x000001da03337000 Exception <a 'java/lang/NoSuchMethodError'{0x00000000ee0ca720}: <clinit>> (0x00000000ee0ca720) thrown at [./src/hotspot/share/prims/jni.cpp, line 1362]
Event: 4.779 Thread 0x000001da03337000 Exception <a 'java/lang/NoSuchMethodError'{0x00000000edf98eb0}: 'void java.lang.invoke.DirectMethodHandle$Holder.invokeSpecial(java.lang.Object, java.lang.Object, java.lang.Object, java.lang.Object)'> (0x00000000edf98eb0) thrown at [./src/hotspot/share/interpreter/linkResolver.cpp, line 773]
Event: 4.869 Thread 0x000001da03337000 Implicit null exception at 0x000001da749dc1f5 to 0x000001da749dc3bc
Event: 4.947 Thread 0x000001da03337000 Exception <a 'java/lang/NoSuchMethodError'{0x00000000ed465fc0}: 'java.lang.Object java.lang.invoke.DirectMethodHandle$Holder.invokeSpecialIFC(java.lang.Object, java.lang.Object, java.lang.Object, java.lang.Object)'> (0x00000000ed465fc0) thrown at [./src/hotspot/share/interpreter/linkResolver.cpp, line 773]
Event: 4.959 Thread 0x000001da03337000 Exception <a 'java/lang/NoSuchMethodError'{0x00000000ed338bd8}: 'java.lang.Object java.lang.invoke.DirectMethodHandle$Holder.invokeSpecial(java.lang.Object, java.lang.Object, java.lang.Object, java.lang.Object, java.lang.Object, java.lang.Object, java.lang.Object, java.lang.Object, java.lang.Object, java.lang.Object, java.lang.Object, java.lang.Object, java.lang.Object)'> (0x00000000ed338bd8) thrown at [./src/hotspot/share/interpreter/linkResolver.cpp, line 773]
Event: 4.960 Thread 0x000001da03337000 Exception <a 'java/lang/NoSuchMethodError'{0x00000000ed349e60}: 'java.lang.Object java.lang.invoke.DirectMethodHandle$Holder.invokeSpecial(java.lang.Object, java.lang.Object, java.lang.Object, java.lang.Object, java.lang.Object, java.lang.Object, java.lang.Object, java.lang.Object, java.lang.Object, java.lang.Object, java.lang.Object, java.lang.Object)'> (0x00000000ed349e60) thrown at [./src/hotspot/share/interpreter/linkResolver.cpp, line 773]
Event: 4.960 Thread 0x000001da03337000 Exception <a 'java/lang/NoSuchMethodError'{0x00000000ed34ef88}: 'java.lang.Object java.lang.invoke.Invokers$Holder.linkToTargetMethod(java.lang.Object, java.lang.Object, java.lang.Object, java.lang.Object, java.lang.Object, java.lang.Object, java.lang.Object, java.lang.Object, java.lang.Object, java.lang.Object, java.lang.Object)'> (0x00000000ed34ef88) thrown at [./src/hotspot/share/interpreter/linkResolver.cpp, line 773]
Event: 4.974 Thread 0x000001da03337000 Exception <a 'java/lang/NoSuchMethodError'{0x00000000ed266ac0}: 'java.lang.Object java.lang.invoke.DirectMethodHandle$Holder.invokeSpecial(java.lang.Object, java.lang.Object, java.lang.Object, java.lang.Object, java.lang.Object, java.lang.Object, java.lang.Object, java.lang.Object, java.lang.Object, java.lang.Object, java.lang.Object, java.lang.Object, java.lang.Object, java.lang.Object)'> (0x00000000ed266ac0) thrown at [./src/hotspot/share/interpreter/linkResolver.cpp, line 773]
Event: 4.975 Thread 0x000001da03337000 Exception <a 'java/lang/NoSuchMethodError'{0x00000000ed2780b8}: 'java.lang.Object java.lang.invoke.Invokers$Holder.linkToTargetMethod(java.lang.Object, java.lang.Object, java.lang.Object, java.lang.Object, java.lang.Object, java.lang.Object, java.lang.Object, java.lang.Object, java.lang.Object, java.lang.Object, java.lang.Object, java.lang.Object)'> (0x00000000ed2780b8) thrown at [./src/hotspot/share/interpreter/linkResolver.cpp, line 773]
Event: 4.985 Thread 0x000001da03337000 Exception <a 'java/lang/NoSuchMethodError'{0x00000000ed2fa4c0}: 'java.lang.Object java.lang.invoke.DirectMethodHandle$Holder.invokeStaticInit(java.lang.Object, java.lang.Object, java.lang.Object, java.lang.Object)'> (0x00000000ed2fa4c0) thrown at [./src/hotspot/share/interpreter/linkResolver.cpp, line 773]
Event: 5.437 Thread 0x000001da03337000 Exception <a 'java/lang/NoSuchMethodError'{0x00000000eb74e748}: 'int java.lang.invoke.DirectMethodHandle$Holder.invokeStatic(java.lang.Object, java.lang.Object, java.lang.Object, java.lang.Object, java.lang.Object)'> (0x00000000eb74e748) thrown at [./src/hotspot/share/interpreter/linkResolver.cpp, line 773]
Event: 5.468 Thread 0x000001da03337000 Exception <a 'java/lang/NoSuchMethodError'{0x00000000eb691830}: 'void java.lang.invoke.DirectMethodHandle$Holder.invokeStaticInit(java.lang.Object, java.lang.Object, java.lang.Object, java.lang.Object)'> (0x00000000eb691830) thrown at [./src/hotspot/share/interpreter/linkResolver.cpp, line 773]

Events (20 events):
Event: 5.610 loading class java/lang/ClassFormatError
Event: 5.610 loading class java/lang/ClassFormatError done
Event: 5.618 loading class java/lang/ProcessHandle$Info
Event: 5.618 loading class java/lang/ProcessHandle$Info done
Event: 5.618 loading class java/util/concurrent/CompletableFuture
Event: 5.620 loading class java/util/concurrent/CompletionStage
Event: 5.620 loading class java/util/concurrent/CompletionStage done
Event: 5.620 loading class java/util/concurrent/CompletableFuture done
Event: 5.620 loading class java/lang/ProcessHandle
Event: 5.620 loading class java/lang/ProcessHandle done
Event: 5.622 loading class groovy/lang/GString$1
Event: 5.622 loading class groovy/lang/GString$1 done
Event: 5.622 loading class groovy/lang/StringWriterIOException
Event: 5.622 loading class groovy/lang/StringWriterIOException done
Event: 5.623 loading class org/codehaus/groovy/runtime/GStringImpl
Event: 5.623 loading class org/codehaus/groovy/runtime/GStringImpl done
Event: 5.631 loading class java/io/UnsupportedEncodingException
Event: 5.631 loading class java/io/UnsupportedEncodingException done
Event: 5.633 loading class org/codehaus/groovy/runtime/DefaultGroovyMethods
Event: 5.633 loading class org/codehaus/groovy/runtime/DefaultGroovyMethods done


Dynamic libraries:
0x00007ff60a240000 - 0x00007ff60a24a000 	C:\Program Files\Android\Android Studio\jre\bin\java.exe
0x00007ffa5e350000 - 0x00007ffa5e545000 	C:\WINDOWS\SYSTEM32\ntdll.dll
0x00007ffa5d5a0000 - 0x00007ffa5d65e000 	C:\WINDOWS\System32\KERNEL32.DLL
0x00007ffa5bd30000 - 0x00007ffa5bff9000 	C:\WINDOWS\System32\KERNELBASE.dll
0x00007ffa5c2a0000 - 0x00007ffa5c3a0000 	C:\WINDOWS\System32\ucrtbase.dll
0x00007ff9e32b0000 - 0x00007ff9e32c9000 	C:\Program Files\Android\Android Studio\jre\bin\jli.dll
0x00007ff9e3290000 - 0x00007ff9e32a7000 	C:\Program Files\Android\Android Studio\jre\bin\VCRUNTIME140.dll
0x00007ffa5d880000 - 0x00007ffa5da21000 	C:\WINDOWS\System32\USER32.dll
0x00007ffa5bc60000 - 0x00007ffa5bc82000 	C:\WINDOWS\System32\win32u.dll
0x00007ffa5cb30000 - 0x00007ffa5cb5b000 	C:\WINDOWS\System32\GDI32.dll
0x00007ffa5c140000 - 0x00007ffa5c24b000 	C:\WINDOWS\System32\gdi32full.dll
0x00007ffa5bc90000 - 0x00007ffa5bd2d000 	C:\WINDOWS\System32\msvcp_win.dll
0x00007ffa42c30000 - 0x00007ffa42eca000 	C:\WINDOWS\WinSxS\amd64_microsoft.windows.common-controls_6595b64144ccf1df_6.0.19041.1110_none_60b5254171f9507e\COMCTL32.dll
0x00007ffa5c450000 - 0x00007ffa5c4ee000 	C:\WINDOWS\System32\msvcrt.dll
0x00007ffa5d850000 - 0x00007ffa5d880000 	C:\WINDOWS\System32\IMM32.DLL
0x00007ff9e31f0000 - 0x00007ff9e328d000 	C:\Program Files\Android\Android Studio\jre\bin\msvcp140.dll
0x00007ff9caed0000 - 0x00007ff9cb99f000 	C:\Program Files\Android\Android Studio\jre\bin\server\jvm.dll
0x00007ffa5d440000 - 0x00007ffa5d4ec000 	C:\WINDOWS\System32\ADVAPI32.dll
0x00007ffa5e000000 - 0x00007ffa5e09b000 	C:\WINDOWS\System32\sechost.dll
0x00007ffa5e180000 - 0x00007ffa5e2aa000 	C:\WINDOWS\System32\RPCRT4.dll
0x00007ffa5da50000 - 0x00007ffa5da58000 	C:\WINDOWS\System32\PSAPI.DLL
0x00007ffa4f740000 - 0x00007ffa4f749000 	C:\WINDOWS\SYSTEM32\WSOCK32.dll
0x00007ffa3a980000 - 0x00007ffa3a9a7000 	C:\WINDOWS\SYSTEM32\WINMM.dll
0x00007ffa5d2a0000 - 0x00007ffa5d30b000 	C:\WINDOWS\System32\WS2_32.dll
0x00007ffa540a0000 - 0x00007ffa540aa000 	C:\WINDOWS\SYSTEM32\VERSION.dll
0x00007ffa5a3c0000 - 0x00007ffa5a3d2000 	C:\WINDOWS\SYSTEM32\kernel.appcore.dll
0x00007ffa1d350000 - 0x00007ffa1d361000 	C:\Program Files\Android\Android Studio\jre\bin\verify.dll
0x00007ffa596e0000 - 0x00007ffa598c4000 	C:\WINDOWS\SYSTEM32\DBGHELP.DLL
0x00007ffa501e0000 - 0x00007ffa5020c000 	C:\WINDOWS\SYSTEM32\dbgcore.DLL
0x00007ffa5c000000 - 0x00007ffa5c083000 	C:\WINDOWS\System32\bcryptPrimitives.dll
0x00007ffa06cd0000 - 0x00007ffa06cf9000 	C:\Program Files\Android\Android Studio\jre\bin\java.dll
0x00007ffa29e10000 - 0x00007ffa29e1b000 	C:\Program Files\Android\Android Studio\jre\bin\jimage.dll
0x00007ffa06cb0000 - 0x00007ffa06cc8000 	C:\Program Files\Android\Android Studio\jre\bin\zip.dll
0x00007ffa5cb60000 - 0x00007ffa5d29f000 	C:\WINDOWS\System32\SHELL32.dll
0x00007ffa59b50000 - 0x00007ffa5a2e0000 	C:\WINDOWS\SYSTEM32\windows.storage.dll
0x00007ffa5c560000 - 0x00007ffa5c8b5000 	C:\WINDOWS\System32\combase.dll
0x00007ffa5b4c0000 - 0x00007ffa5b4ec000 	C:\WINDOWS\SYSTEM32\Wldp.dll
0x00007ffa5c3a0000 - 0x00007ffa5c44d000 	C:\WINDOWS\System32\SHCORE.dll
0x00007ffa5c920000 - 0x00007ffa5c975000 	C:\WINDOWS\System32\shlwapi.dll
0x00007ffa5b9b0000 - 0x00007ffa5b9cf000 	C:\WINDOWS\SYSTEM32\profapi.dll
0x00007ffa01da0000 - 0x00007ffa01dba000 	C:\Program Files\Android\Android Studio\jre\bin\net.dll
0x00007ffa55360000 - 0x00007ffa55468000 	C:\WINDOWS\SYSTEM32\WINHTTP.dll
0x00007ffa5b220000 - 0x00007ffa5b28a000 	C:\WINDOWS\system32\mswsock.dll
0x00007ffa01d80000 - 0x00007ffa01d94000 	C:\Program Files\Android\Android Studio\jre\bin\nio.dll
0x00007ff9fc830000 - 0x00007ff9fc857000 	C:\Users\mecit.sezgin\.gradle\native\49d0259a56938c7f99b2704e745ce422c4f750a7a20b539a32ccef96729676b1\windows-amd64\native-platform.dll
0x00007ff9e06d0000 - 0x00007ff9e0866000 	C:\Users\mecit.sezgin\.gradle\native\12488b8bf47d2d4c9fbf2f6322a914ad602e24e48041cd04a747c6da556b65c4\windows-amd64\native-platform-file-events.dll
0x00007ffa29d10000 - 0x00007ffa29d1a000 	C:\Program Files\Android\Android Studio\jre\bin\management.dll
0x00007ffa29af0000 - 0x00007ffa29afc000 	C:\Program Files\Android\Android Studio\jre\bin\management_ext.dll
0x00007ffa5b410000 - 0x00007ffa5b428000 	C:\WINDOWS\SYSTEM32\CRYPTSP.dll
0x00007ffa5ab30000 - 0x00007ffa5ab64000 	C:\WINDOWS\system32\rsaenh.dll
0x00007ffa5ba70000 - 0x00007ffa5ba97000 	C:\WINDOWS\System32\bcrypt.dll
0x00007ffa5b970000 - 0x00007ffa5b99e000 	C:\WINDOWS\SYSTEM32\USERENV.dll
0x00007ffa5b430000 - 0x00007ffa5b43c000 	C:\WINDOWS\SYSTEM32\CRYPTBASE.dll
0x00007ffa5aec0000 - 0x00007ffa5aefb000 	C:\WINDOWS\SYSTEM32\IPHLPAPI.DLL
0x00007ffa5c4f0000 - 0x00007ffa5c4f8000 	C:\WINDOWS\System32\NSI.dll
0x00007ffa550f0000 - 0x00007ffa55107000 	C:\WINDOWS\SYSTEM32\dhcpcsvc6.DLL
0x00007ffa550c0000 - 0x00007ffa550dd000 	C:\WINDOWS\SYSTEM32\dhcpcsvc.DLL
0x00007ffa5af00000 - 0x00007ffa5afcc000 	C:\WINDOWS\SYSTEM32\DNSAPI.dll

dbghelp: loaded successfully - version: 4.0.5 - missing functions: none
symbol engine: initialized successfully - sym options: 0x614 - pdb path: .;C:\Program Files\Android\Android Studio\jre\bin;C:\WINDOWS\SYSTEM32;C:\WINDOWS\WinSxS\amd64_microsoft.windows.common-controls_6595b64144ccf1df_6.0.19041.1110_none_60b5254171f9507e;C:\Program Files\Android\Android Studio\jre\bin\server;C:\Users\mecit.sezgin\.gradle\native\49d0259a56938c7f99b2704e745ce422c4f750a7a20b539a32ccef96729676b1\windows-amd64;C:\Users\mecit.sezgin\.gradle\native\12488b8bf47d2d4c9fbf2f6322a914ad602e24e48041cd04a747c6da556b65c4\windows-amd64

VM Arguments:
jvm_args: -XX:MaxMetaspaceSize=256m -XX:+HeapDumpOnOutOfMemoryError --add-opens=java.base/java.util=ALL-UNNAMED --add-opens=java.base/java.lang=ALL-UNNAMED --add-opens=java.base/java.lang.invoke=ALL-UNNAMED --add-opens=java.prefs/java.util.prefs=ALL-UNNAMED -Xms256m -Xmx512m -Dfile.encoding=windows-1254 -Duser.country=TR -Duser.language=tr -Duser.variant 
java_command: org.gradle.launcher.daemon.bootstrap.GradleDaemon 6.9
java_class_path (initial): C:\Users\mecit.sezgin\.gradle\wrapper\dists\gradle-6.9-all\dooywd8nv05k16orzxge2b1bs\gradle-6.9\lib\gradle-launcher-6.9.jar
Launcher Type: SUN_STANDARD

[Global flags]
     intx CICompilerCount                          = 4                                         {product} {ergonomic}
   size_t CompressedClassSpaceSize                 = 260046848                                 {product} {ergonomic}
     uint ConcGCThreads                            = 2                                         {product} {ergonomic}
     uint G1ConcRefinementThreads                  = 8                                         {product} {ergonomic}
   size_t G1HeapRegionSize                         = 1048576                                   {product} {ergonomic}
    uintx GCDrainStackTargetSize                   = 64                                        {product} {ergonomic}
     bool HeapDumpOnOutOfMemoryError               = true                                   {manageable} {command line}
   size_t InitialHeapSize                          = 268435456                                 {product} {command line}
   size_t MarkStackSize                            = 4194304                                   {product} {ergonomic}
   size_t MaxHeapSize                              = 536870912                                 {product} {command line}
   size_t MaxMetaspaceSize                         = 268435456                                 {product} {command line}
   size_t MaxNewSize                               = 321912832                                 {product} {ergonomic}
   size_t MinHeapDeltaBytes                        = 1048576                                   {product} {ergonomic}
    uintx NonNMethodCodeHeapSize                   = 5836300                                {pd product} {ergonomic}
    uintx NonProfiledCodeHeapSize                  = 122910970                              {pd product} {ergonomic}
    uintx ProfiledCodeHeapSize                     = 122910970                              {pd product} {ergonomic}
    uintx ReservedCodeCacheSize                    = 251658240                              {pd product} {ergonomic}
     bool SegmentedCodeCache                       = true                                      {product} {ergonomic}
     bool UseCompressedClassPointers               = true                                 {lp64_product} {ergonomic}
     bool UseCompressedOops                        = true                                 {lp64_product} {ergonomic}
     bool UseG1GC                                  = true                                      {product} {ergonomic}
     bool UseLargePagesIndividualAllocation        = false                                  {pd product} {ergonomic}

Logging:
Log output configuration:
 #0: stdout all=warning uptime,level,tags
 #1: stderr all=off uptime,level,tags

Environment Variables:
JAVA_HOME=C:\jdk
PATH=C:\Program Files\NVIDIA GPU Computing Toolkit\CUDA\v11.2\bin;C:\Program Files\NVIDIA GPU Computing Toolkit\CUDA\v11.2\libnvvp;C:\Users\mecit.sezgin\AppData\Local\Programs\Python\Python39\Scripts\;C:\Users\mecit.sezgin\AppData\Local\Programs\Python\Python39\;C:\Program Files (x86)\Common Files\Oracle\Java\javapath;C:\Python39\Scripts\;C:\Python39\;C:\Windows\system32;C:\Windows;C:\Windows\System32\Wbem;C:\Windows\System32\WindowsPowerShell\v1.0\;C:\Windows\System32\OpenSSH\;C:\Program Files (x86)\NVIDIA Corporation\PhysX\Common;C:\Program Files\Git\cmd;C:\xampp\php;C:\ProgramData\ComposerSetup\bin;C:\WINDOWS\system32;C:\WINDOWS;C:\WINDOWS\System32\Wbem;C:\WINDOWS\System32\WindowsPowerShell\v1.0\;C:\WINDOWS\System32\OpenSSH\;C:\Program Files (x86)\Microsoft SQL Server\150\DTS\Binn\;C:\Program Files\Microsoft SQL Server\130\Tools\Binn\;C:\opencv\build\x64\vc15\bin;C:\tesseract;C:\tesseract-file\tesseract;C:\Program Files\SlikSvn\bin;C:\opencv4\opencv\build\x64\vc15\bin;C:\Program Files\PuTTY\;C:\ProgramData\chocolatey\bin;C:\Program Files\NVIDIA Corporation\NVIDIA NvDLISR;C:\Program Files\NVIDIA GPU Computing Toolkit\CUDA\v10.1\bin;C:\Program Files\NVIDIA GPU Computing Toolkit\CUDA\v10.1\libnvvp;C:\Program Files\NVIDIA GPU Computing Toolkit\CUDA\v10.1\extras\CUPTI\libx64;C:\Program Files\nodejs\;C:\Program Files\dotnet\;C:\Program Files\NVIDIA Corporation\Nsight Compute 2020.3.0\;C:\Users\mecit.sezgin\AppData\Local\Microsoft\WindowsApps;C:\Program Files (x86)\Sophos\Sophos SSL VPN Client\bin;C:\Program Files (x86)\Microsoft VS Code\bin;C:\Users\mecit.sezgin\AppData\Local\GitHubDesktop\bin;C:\Users\mecit.sezgin\AppData\Roaming\npm;C:\Users\mecit.sezgin\.dotnet\tools;C:\AdditionalPackeages\protoc\bin;C:\protoc-3.18.1-win64\bin;C:\protoc-3.18.1-win64;
USERNAME=mecit.sezgin
OS=Windows_NT
PROCESSOR_IDENTIFIER=Intel64 Family 6 Model 142 Stepping 12, GenuineIntel



---------------  S Y S T E M  ---------------

OS: Windows 10 , 64 bit Build 19041 (10.0.19041.1202)
OS uptime: 3 days 19:01 hours

CPU:total 8 (initial active 8) (4 cores per cpu, 2 threads per core) family 6 model 142 stepping 12 microcode 0xde, cmov, cx8, fxsr, mmx, sse, sse2, sse3, ssse3, sse4.1, sse4.2, popcnt, avx, avx2, aes, clmul, erms, 3dnowpref, lzcnt, ht, tsc, tscinvbit, bmi1, bmi2, adx, fma

Memory: 4k page, system-wide physical 16144M (3804M free)
TotalPageFile size 18144M (AvailPageFile size 8M)
current process WorkingSet (physical memory assigned to process): 252M, peak: 267M
current process commit charge ("private bytes"): 423M, peak: 437M

vm_info: OpenJDK 64-Bit Server VM (11.0.10+0-b96-7249189) for windows-amd64 JRE (11.0.10+0-b96-7249189), built on Mar 31 2021 21:44:00 by "builder" with MS VC++ 14.0 (VS2015)

END.
